<?xml version="1.0" encoding="UTF-8"?>
<!-- Generated by org.testng.reporters.JUnitReportReporter -->
<testsuite hostname="DESKTOP-9B1FUF3" failures="0" tests="1" name="com.sampletestScripts.Monster_Test" time="0.036" errors="0" timestamp="2024-07-27T15:58:21 IST" skipped="0">
  <testcase classname="com.sampletestScripts.Monster_Test" name="executeScript" time="0.036"/>
</testsuite> <!-- com.sampletestScripts.Monster_Test -->
