<?xml version="1.0" encoding="UTF-8"?>
<!-- Generated by org.testng.reporters.JUnitReportReporter -->
<testsuite hostname="DESKTOP-9B1FUF3" failures="0" tests="1" name="com.sampletestScripts.TestScript1_Test" time="0.038" errors="0" timestamp="2024-07-26T15:35:09 IST" skipped="0">
  <testcase classname="com.sampletestScripts.TestScript1_Test" name="executeScript" time="0.038">
    <system-out>
      <![CDATA[Learning maven]]>
    </system-out>
  </testcase> <!-- executeScript -->
  <system-out>
    <![CDATA[Learning maven]]>
  </system-out>
</testsuite> <!-- com.sampletestScripts.TestScript1_Test -->
