<?xml version="1.0" encoding="UTF-8"?>
<!-- Generated by org.testng.reporters.JUnitReportReporter -->
<testsuite hostname="DESKTOP-9B1FUF3" failures="0" tests="1" name="com.sampletestScripts.Naukri_Test" time="25.203" errors="0" timestamp="2024-07-26T15:38:27 IST" skipped="0">
  <testcase classname="com.sampletestScripts.Naukri_Test" name="executeScript" time="25.203"/>
</testsuite> <!-- com.sampletestScripts.Naukri_Test -->
