<?xml version="1.0" encoding="UTF-8"?>
<!-- Generated by org.testng.reporters.JUnitReportReporter -->
<testsuite hostname="DESKTOP-9B1FUF3" failures="0" tests="1" name="com.sampletestScripts.Indeed_Test" time="10.958" errors="0" timestamp="2024-07-26T15:40:58 IST" skipped="0">
  <testcase classname="com.sampletestScripts.Indeed_Test" name="executeScript" time="10.958"/>
</testsuite> <!-- com.sampletestScripts.Indeed_Test -->
