<?xml version="1.0" encoding="UTF-8"?>
<!-- Generated by org.testng.reporters.JUnitReportReporter -->
<testsuite hostname="DESKTOP-9B1FUF3" failures="0" tests="1" name="com.sampletestScripts.Linked_Test" time="11.451" errors="0" timestamp="2024-07-26T15:41:33 IST" skipped="0">
  <testcase classname="com.sampletestScripts.Linked_Test" name="executeScript" time="11.451"/>
</testsuite> <!-- com.sampletestScripts.Linked_Test -->
